-------------------------------------------------------------------------------
Test set: com.example.registrationlogindemo.RegistrationLoginDemoApplicationTests
-------------------------------------------------------------------------------
Tests run: 1, Failures: 0, Errors: 1, Skipped: 0, Time elapsed: 0.757 s <<< FAILURE! - in com.example.registrationlogindemo.RegistrationLoginDemoApplicationTests
com.example.registrationlogindemo.RegistrationLoginDemoApplicationTests  Time elapsed: 0.754 s  <<< ERROR!
java.lang.IllegalStateException: Unable to find a @SpringBootConfiguration, you need to use @ContextConfiguration or @SpringBootTest(classes=...) with your test

