-------------------------------------------------------------------------------
Test set: com.example.registrationlogindemo.RegistrationLoginDemoApplicationTests
-------------------------------------------------------------------------------
Tests run: 1, Failures: 0, Errors: 1, Skipped: 0, Time elapsed: 14.024 s <<< FAILURE! - in com.example.registrationlogindemo.RegistrationLoginDemoApplicationTests
contextLoads  Time elapsed: 0.003 s  <<< ERROR!
java.lang.IllegalStateException: Failed to load ApplicationContext
Caused by: org.springframework.beans.factory.UnsatisfiedDependencyException: Error creating bean with name 'org.springframework.security.config.annotation.web.configuration.WebSecurityConfiguration': Unsatisfied dependency expressed through method 'setFilterChains' parameter 0; nested exception is org.springframework.beans.factory.BeanCreationException: Error creating bean with name 'filterChain' defined in class path resource [com/example/registrationlogindemo/config/SpringSecurity.class]: Bean instantiation via factory method failed; nested exception is org.springframework.beans.BeanInstantiationException: Failed to instantiate [org.springframework.security.web.SecurityFilterChain]: Factory method 'filterChain' threw exception; nested exception is java.lang.IllegalStateException: permitAll only works with HttpSecurity.authorizeRequests()
Caused by: org.springframework.beans.factory.BeanCreationException: Error creating bean with name 'filterChain' defined in class path resource [com/example/registrationlogindemo/config/SpringSecurity.class]: Bean instantiation via factory method failed; nested exception is org.springframework.beans.BeanInstantiationException: Failed to instantiate [org.springframework.security.web.SecurityFilterChain]: Factory method 'filterChain' threw exception; nested exception is java.lang.IllegalStateException: permitAll only works with HttpSecurity.authorizeRequests()
Caused by: org.springframework.beans.BeanInstantiationException: Failed to instantiate [org.springframework.security.web.SecurityFilterChain]: Factory method 'filterChain' threw exception; nested exception is java.lang.IllegalStateException: permitAll only works with HttpSecurity.authorizeRequests()
Caused by: java.lang.IllegalStateException: permitAll only works with HttpSecurity.authorizeRequests()

